epoch,loss,lr,mean_absolute_error,mean_squared_error,val_loss,val_mean_absolute_error,val_mean_squared_error
0,5365.49755859375,0.0003,36.625160217285156,2374.283447265625,2642.266845703125,34.32746124267578,2102.33837890625
1,2478.82275390625,0.0003,32.99213790893555,1934.72412109375,2403.994873046875,31.916332244873047,1810.71142578125
2,2352.487060546875,0.0003,32.17837142944336,1842.6265869140625,2313.86962890625,32.05146408081055,1838.9298095703125
3,2296.711181640625,0.0003,31.804044723510742,1801.236083984375,2271.6572265625,31.789581298828125,1806.3812255859375
4,2270.8251953125,0.0003,31.612276077270508,1779.804931640625,2257.845947265625,31.16737174987793,1735.5069580078125
5,2258.5390625,0.0003,31.538549423217773,1771.061279296875,2253.50732421875,31.11001205444336,1727.9681396484375
6,2249.881103515625,0.0003,31.480377197265625,1765.043701171875,2246.50927734375,31.05948829650879,1725.2110595703125
7,2245.15283203125,0.0003,31.43949317932129,1761.727294921875,2232.66845703125,31.450876235961914,1769.3106689453125
8,2243.132080078125,0.0003,31.429136276245117,1762.26416015625,2232.498046875,31.162405014038086,1736.4827880859375
9,2245.653076171875,0.0003,31.421859741210938,1761.437744140625,2226.985595703125,31.18681526184082,1740.423583984375
10,2245.4873046875,0.0003,31.400266647338867,1760.3131103515625,2225.4541015625,31.112810134887695,1733.8387451171875
11,2241.443115234375,0.0003,31.413358688354492,1761.822021484375,2239.147705078125,30.872859954833984,1705.24267578125
12,2238.0751953125,0.0003,31.35942840576172,1756.65625,2220.971435546875,31.09974479675293,1733.426513671875
13,2233.3056640625,0.0003,31.350557327270508,1755.82958984375,2251.1357421875,30.87445640563965,1705.130126953125
14,2231.28759765625,0.0003,31.316877365112305,1752.25634765625,2260.2607421875,30.62598419189453,1676.5386962890625
15,2228.76171875,0.0003,31.30657196044922,1751.412841796875,2219.97412109375,31.45556640625,1772.76025390625
16,2227.719482421875,0.0003,31.29245376586914,1750.1439208984375,2221.25048828125,31.31220054626465,1755.291259765625
17,2225.812255859375,0.0003,31.29678726196289,1751.6265869140625,2214.671630859375,31.47364616394043,1776.827392578125
18,2223.05078125,0.0003,31.272422790527344,1749.5374755859375,2209.434814453125,30.99241828918457,1719.739990234375
19,2218.818115234375,0.0003,31.24805450439453,1746.823974609375,2209.388671875,31.06031036376953,1731.7838134765625
20,2218.491943359375,0.0003,31.245458602905273,1747.4522705078125,2269.787109375,30.592639923095703,1676.3988037109375
21,2216.6357421875,0.0003,31.25051498413086,1748.0118408203125,2218.935546875,30.852811813354492,1710.2021484375
22,2215.057861328125,0.0003,31.226913452148438,1746.06103515625,2243.838623046875,31.873579025268555,1820.3507080078125
23,2216.621337890625,0.0003,31.237436294555664,1747.4488525390625,2210.60400390625,31.3365478515625,1761.2696533203125
24,2214.016845703125,0.0003,31.231857299804688,1746.2939453125,2228.604736328125,30.702482223510742,1688.9754638671875
25,2211.27490234375,0.0003,31.219966888427734,1744.6165771484375,2205.664306640625,31.038711547851562,1723.0206298828125
26,2207.486328125,0.0003,31.195711135864258,1742.8887939453125,2194.477294921875,30.95041275024414,1719.947265625
27,2210.222412109375,0.0003,31.204673767089844,1743.8411865234375,2200.50927734375,31.29070281982422,1757.7618408203125
28,2211.854248046875,0.0003,31.204816818237305,1743.28076171875,2227.3544921875,30.58995819091797,1679.155029296875
29,2213.34765625,0.0003,31.25057601928711,1747.6446533203125,2206.81494140625,30.798568725585938,1700.878173828125
30,2212.620849609375,0.0003,31.226085662841797,1743.9351806640625,2213.621826171875,30.753026962280273,1697.3277587890625
31,2210.94921875,0.0003,31.220905303955078,1744.9833984375,2286.822998046875,30.77813148498535,1682.1134033203125
32,2209.916748046875,0.0003,31.20001792907715,1742.58544921875,2209.856201171875,30.90184783935547,1712.124267578125
33,2212.094970703125,0.0003,31.221921920776367,1744.3253173828125,2207.29931640625,30.911880493164062,1712.8521728515625
34,2210.8544921875,0.0003,31.212121963500977,1742.1922607421875,2209.007568359375,30.852182388305664,1704.3905029296875
35,2208.66650390625,0.0003,31.210289001464844,1743.2523193359375,2215.027587890625,30.700241088867188,1692.73486328125
36,2209.481201171875,0.0003,31.19826316833496,1743.426513671875,2215.21923828125,31.48198890686035,1778.38330078125
37,2210.159423828125,0.0003,31.214448928833008,1744.8856201171875,2220.15966796875,30.610177993774414,1681.4605712890625
38,2210.488525390625,0.0003,31.215967178344727,1744.15771484375,2313.10498046875,32.419185638427734,1888.31103515625
39,2210.69482421875,0.0003,31.20148468017578,1741.19287109375,2201.347412109375,31.019954681396484,1725.19677734375
40,2207.256103515625,0.0003,31.194265365600586,1741.663818359375,2195.50732421875,31.203859329223633,1751.430419921875
41,2204.386474609375,0.0003,31.183460235595703,1743.04345703125,2198.1875,30.85906410217285,1708.7384033203125
42,2202.40478515625,0.0003,31.156558990478516,1739.5374755859375,2208.386474609375,30.73008918762207,1691.7432861328125
43,2199.3857421875,0.0003,31.13861083984375,1737.30615234375,2193.83056640625,30.826841354370117,1705.76806640625
44,2199.031494140625,0.0003,31.13396644592285,1736.3363037109375,2196.921142578125,30.907873153686523,1710.51025390625
45,2201.519287109375,0.0003,31.154233932495117,1739.555419921875,2194.886474609375,31.024913787841797,1729.93701171875
46,2201.720458984375,0.0003,31.153945922851562,1738.5020751953125,2200.976806640625,30.806833267211914,1699.372314453125
47,2201.043212890625,0.0003,31.148744583129883,1737.4951171875,2198.75927734375,30.850374221801758,1708.83447265625
48,2204.1826171875,0.0003,31.15572738647461,1737.10693359375,2208.6689453125,30.689353942871094,1687.5474853515625
49,2203.097900390625,0.0003,31.155651092529297,1736.9141845703125,2193.733154296875,30.915498733520508,1712.6759033203125
50,2200.683837890625,0.0003,31.16202735900879,1737.0792236328125,2192.33544921875,31.115854263305664,1736.875732421875
51,2201.66357421875,0.0003,31.151227951049805,1735.9931640625,2207.9580078125,30.661632537841797,1682.8206787109375
52,2203.215576171875,0.0003,31.143098831176758,1735.8565673828125,2196.600830078125,30.820405960083008,1703.871826171875
53,2201.114013671875,0.0003,31.127216339111328,1736.264404296875,2195.122802734375,31.004093170166016,1726.9163818359375
54,2199.779296875,0.0003,31.147878646850586,1738.2113037109375,2194.158203125,31.19964599609375,1750.343017578125
55,2201.775146484375,0.0003,31.15053367614746,1738.500244140625,2190.744140625,30.997722625732422,1726.93310546875
56,2204.49267578125,0.0003,31.181379318237305,1741.8153076171875,2204.71142578125,30.76068878173828,1698.86474609375
57,2202.5205078125,0.0003,31.1776065826416,1740.7110595703125,2207.032470703125,30.753690719604492,1696.7855224609375
58,2203.484130859375,0.0003,31.152755737304688,1737.710205078125,2196.21435546875,30.987199783325195,1721.74169921875
59,2204.532958984375,0.0003,31.17318344116211,1739.4593505859375,2194.90087890625,30.944604873657227,1718.6607666015625
60,2205.913818359375,0.0003,31.170658111572266,1738.680419921875,2200.27880859375,30.946495056152344,1720.03759765625
61,2205.884033203125,0.0003,31.18505859375,1740.677001953125,2195.715576171875,31.04903793334961,1728.323486328125
62,2207.506591796875,0.0003,31.178726196289062,1739.660400390625,2202.005126953125,30.92181396484375,1710.3450927734375
63,2205.39697265625,0.0003,31.189022064208984,1739.7410888671875,2346.319091796875,30.911865234375,1687.64453125
64,2201.806884765625,0.0003,31.17337417602539,1738.7607421875,2193.619384765625,31.078243255615234,1731.8031005859375
65,2204.08642578125,0.0003,31.168397903442383,1739.8743896484375,2200.516845703125,30.913759231567383,1714.22412109375
66,2203.070068359375,0.0003,31.17813491821289,1739.9871826171875,2212.877685546875,30.637502670288086,1680.600830078125
67,2203.95458984375,0.0003,31.193883895874023,1742.715576171875,2200.10888671875,30.81962776184082,1707.2403564453125
68,2207.74951171875,0.0003,31.195785522460938,1743.4793701171875,2211.089111328125,30.718929290771484,1690.9881591796875
69,2206.971435546875,0.0003,31.193485260009766,1743.16796875,2215.083251953125,31.532989501953125,1789.220703125
70,2206.98388671875,0.0003,31.192052841186523,1742.7562255859375,2197.8544921875,31.161483764648438,1738.7413330078125
71,2209.69873046875,0.0003,31.207612991333008,1744.2576904296875,2203.982421875,30.88957405090332,1713.370361328125
72,2210.47314453125,0.0003,31.24172019958496,1748.81640625,2205.13037109375,31.064043045043945,1731.40966796875
73,2206.58642578125,0.0003,31.204240798950195,1743.779541015625,2203.295654296875,31.299882888793945,1757.2547607421875
74,2210.520263671875,0.0003,31.234872817993164,1748.2420654296875,2194.092041015625,31.166475296020508,1744.5223388671875
75,2208.08203125,0.0003,31.211593627929688,1744.8179931640625,2201.28857421875,31.07516860961914,1735.3389892578125
76,2209.787841796875,0.0003,31.226259231567383,1746.712646484375,2265.71875,32.07892990112305,1854.2498779296875
77,2208.861328125,0.0003,31.226646423339844,1746.5357666015625,2217.926513671875,30.675195693969727,1688.148193359375
78,2207.03125,0.0003,31.2060604095459,1744.0958251953125,2195.196044921875,31.022859573364258,1725.2369384765625
79,2207.662841796875,0.0003,31.2130069732666,1745.017333984375,2199.871826171875,30.941226959228516,1715.8800048828125
80,2208.997802734375,0.0003,31.231077194213867,1747.3485107421875,2204.09130859375,30.840715408325195,1705.426513671875
81,2209.9228515625,0.0003,31.214202880859375,1745.3836669921875,2196.96923828125,31.148229598999023,1743.1463623046875
82,2209.47314453125,0.0003,31.219953536987305,1746.4140625,2200.6884765625,31.20162582397461,1746.3389892578125
83,2210.9306640625,0.0003,31.211957931518555,1745.69970703125,2207.14599609375,30.89093589782715,1716.6256103515625
84,2211.049560546875,0.0003,31.225465774536133,1747.16357421875,2202.51220703125,30.883039474487305,1713.4200439453125
85,2212.10107421875,0.0003,31.219194412231445,1747.7564697265625,2203.7255859375,31.25891876220703,1749.3304443359375
86,2212.598876953125,0.0003,31.23923110961914,1749.4521484375,2238.5771484375,31.83201026916504,1819.1221923828125
87,2210.39501953125,0.0003,31.237064361572266,1748.4912109375,2207.60107421875,30.849815368652344,1704.5650634765625
88,2211.44775390625,0.0003,31.229516983032227,1748.939208984375,2210.279541015625,31.19259262084961,1746.7022705078125
89,2210.99072265625,0.0003,31.244524002075195,1750.119384765625,2227.881591796875,30.589513778686523,1679.3865966796875
90,2211.454833984375,0.0003,31.226518630981445,1749.206787109375,2197.9755859375,31.094615936279297,1737.0526123046875
91,2209.25732421875,0.0003,31.223045349121094,1748.1630859375,2199.78173828125,30.957643508911133,1720.9564208984375
92,2209.30908203125,0.0003,31.23832130432129,1749.5999755859375,2210.670654296875,30.77962303161621,1699.195068359375
93,2209.58154296875,0.0003,31.230850219726562,1749.1483154296875,2232.6435546875,31.708250045776367,1807.9969482421875
94,2211.325927734375,0.0003,31.207908630371094,1746.332763671875,2208.9716796875,30.927019119262695,1717.478759765625
95,2211.26318359375,0.0003,31.248823165893555,1751.1241455078125,2198.548828125,31.21225929260254,1749.599365234375
